{"/home/kawa/Work/GSE08/18-Testing_in_the_Frontend/01-vitest-intro/src/checkout.ts": {"path":"/home/kawa/Work/GSE08/18-Testing_in_the_Frontend/01-vitest-intro/src/checkout.ts","statementMap":{"0":{"start":{"line":4,"column":6},"end":{"line":6,"column":null}},"1":{"start":{"line":5,"column":2},"end":{"line":5,"column":null}}},"fnMap":{"0":{"name":"(anonymous_0)","decl":{"start":{"line":4,"column":6},"end":{"line":4,"column":24}},"loc":{"start":{"line":4,"column":66},"end":{"line":6,"column":null}},"line":4}},"branchMap":{},"s":{"0":1,"1":3},"f":{"0":3},"b":{},"meta":{"lastBranch":0,"lastFunction":1,"lastStatement":2,"seen":{"s:4:6:6:Infinity":0,"f:4:6:4:24":0,"s:5:2:5:Infinity":1},"fnNames":{}}}
,"/home/kawa/Work/GSE08/18-Testing_in_the_Frontend/01-vitest-intro/src/vatRates.ts": {"path":"/home/kawa/Work/GSE08/18-Testing_in_the_Frontend/01-vitest-intro/src/vatRates.ts","statementMap":{"0":{"start":{"line":1,"column":17},"end":{"line":5,"column":null}}},"fnMap":{},"branchMap":{},"s":{"0":1},"f":{},"b":{},"meta":{"lastBranch":0,"lastFunction":0,"lastStatement":1,"seen":{"s:1:17:5:Infinity":0},"fnNames":{}}}
}
