<?xml version="1.0" encoding="UTF-8"?>
<coverage generated="1789635513248" clover="3.2.0">
  <project timestamp="1789635513248" name="All files">
    <metrics statements="42" coveredstatements="39" conditionals="68" coveredconditionals="42" methods="9" coveredmethods="7" elements="119" coveredelements="88" complexity="0" loc="42" ncloc="42" packages="2" files="5" classes="5"/>
    <package name="components">
      <metrics statements="26" coveredstatements="26" conditionals="48" coveredconditionals="32" methods="4" coveredmethods="4"/>
      <file name="CartBadge.tsx" path="/home/kawa/Work/GSE08/18-Testing_in_the_Frontend/04-wbs-integration-testing/src/components/CartBadge.tsx">
        <metrics statements="8" coveredstatements="8" conditionals="18" coveredconditionals="10" methods="2" coveredmethods="2"/>
        <line num="3" count="1" type="stmt"/>
        <line num="8" count="2" type="stmt"/>
        <line num="9" count="2" type="cond" truecount="1" falsecount="1"/>
        <line num="10" count="2" type="cond" truecount="3" falsecount="3"/>
        <line num="11" count="2" type="cond" truecount="1" falsecount="1"/>
        <line num="14" count="2" type="stmt"/>
        <line num="15" count="2" type="cond" truecount="5" falsecount="3"/>
        <line num="16" count="2" type="stmt"/>
      </file>
      <file name="ProductCard.tsx" path="/home/kawa/Work/GSE08/18-Testing_in_the_Frontend/04-wbs-integration-testing/src/components/ProductCard.tsx">
        <metrics statements="18" coveredstatements="18" conditionals="30" coveredconditionals="22" methods="2" coveredmethods="2"/>
        <line num="4" count="1" type="stmt"/>
        <line num="9" count="2" type="stmt"/>
        <line num="10" count="2" type="stmt"/>
        <line num="11" count="2" type="cond" truecount="4" falsecount="0"/>
        <line num="14" count="2" type="stmt"/>
        <line num="15" count="1" type="stmt"/>
        <line num="17" count="2" type="cond" truecount="2" falsecount="0"/>
        <line num="18" count="2" type="stmt"/>
        <line num="19" count="2" type="cond" truecount="2" falsecount="0"/>
        <line num="20" count="2" type="cond" truecount="2" falsecount="0"/>
        <line num="21" count="2" type="stmt"/>
        <line num="24" count="2" type="cond" truecount="2" falsecount="5"/>
        <line num="25" count="2" type="stmt"/>
        <line num="26" count="1" type="stmt"/>
        <line num="27" count="2" type="cond" truecount="3" falsecount="1"/>
        <line num="31" count="2" type="cond" truecount="4" falsecount="1"/>
        <line num="32" count="2" type="cond" truecount="3" falsecount="1"/>
        <line num="33" count="2" type="stmt"/>
      </file>
      <file name="index.ts" path="/home/kawa/Work/GSE08/18-Testing_in_the_Frontend/04-wbs-integration-testing/src/components/index.ts">
        <metrics statements="0" coveredstatements="0" conditionals="0" coveredconditionals="0" methods="0" coveredmethods="0"/>
      </file>
    </package>
    <package name="context">
      <metrics statements="16" coveredstatements="13" conditionals="20" coveredconditionals="10" methods="5" coveredmethods="3"/>
      <file name="CartProvider.tsx" path="/home/kawa/Work/GSE08/18-Testing_in_the_Frontend/04-wbs-integration-testing/src/context/CartProvider.tsx">
        <metrics statements="10" coveredstatements="8" conditionals="18" coveredconditionals="9" methods="4" coveredmethods="2"/>
        <line num="8" count="2" type="cond" truecount="2" falsecount="0"/>
        <line num="9" count="2" type="cond" truecount="1" falsecount="1"/>
        <line num="11" count="2" type="stmt"/>
        <line num="12" count="1" type="stmt"/>
        <line num="14" count="1" type="cond" truecount="1" falsecount="1"/>
        <line num="15" count="0" type="stmt"/>
        <line num="17" count="0" type="cond" truecount="0" falsecount="2"/>
        <line num="23" count="1" type="stmt"/>
        <line num="25" count="2" type="cond" truecount="2" falsecount="2"/>
        <line num="27" count="2" type="cond" truecount="3" falsecount="1"/>
      </file>
      <file name="index.ts" path="/home/kawa/Work/GSE08/18-Testing_in_the_Frontend/04-wbs-integration-testing/src/context/index.ts">
        <metrics statements="6" coveredstatements="5" conditionals="2" coveredconditionals="1" methods="1" coveredmethods="1"/>
        <line num="5" count="1" type="stmt"/>
        <line num="7" count="1" type="stmt"/>
        <line num="8" count="4" type="stmt"/>
        <line num="10" count="4" type="cond" truecount="1" falsecount="1"/>
        <line num="11" count="0" type="stmt"/>
        <line num="14" count="4" type="stmt"/>
      </file>
    </package>
  </project>
</coverage>
