{"/home/kawa/Work/GSE08/18-Testing_in_the_Frontend/04-wbs-integration-testing/src/components/CartBadge.tsx": {"path":"/home/kawa/Work/GSE08/18-Testing_in_the_Frontend/04-wbs-integration-testing/src/components/CartBadge.tsx","statementMap":{"0":{"start":{"line":3,"column":13},"end":{"line":6,"column":null}},"1":{"start":{"line":8,"column":6},"end":{"line":16,"column":null}},"2":{"start":{"line":8,"column":18},"end":{"line":8,"column":null}},"3":{"start":{"line":9,"column":20},"end":{"line":9,"column":28}},"4":{"start":{"line":9,"column":30},"end":{"line":10,"column":83}},"5":{"start":{"line":10,"column":20},"end":{"line":10,"column":82}},"6":{"start":{"line":10,"column":82},"end":{"line":10,"column":83}},"7":{"start":{"line":10,"column":20},"end":{"line":10,"column":25}},"8":{"start":{"line":10,"column":83},"end":{"line":15,"column":null}},"9":{"start":{"line":11,"column":21},"end":{"line":11,"column":null}},"10":{"start":{"line":14,"column":21},"end":{"line":14,"column":44}},"11":{"start":{"line":14,"column":44},"end":{"line":14,"column":90}},"12":{"start":{"line":14,"column":90},"end":{"line":14,"column":null}},"13":{"start":{"line":15,"column":27},"end":{"line":15,"column":37}},"14":{"start":{"line":15,"column":37},"end":{"line":15,"column":60}},"15":{"start":{"line":15,"column":60},"end":{"line":15,"column":83}},"16":{"start":{"line":15,"column":83},"end":{"line":15,"column":null}},"17":{"start":{"line":15,"column":83},"end":{"line":16,"column":null}},"18":{"start":{"line":14,"column":4},"end":{"line":16,"column":null}},"19":{"start":{"line":16,"column":11},"end":{"line":16,"column":null}},"20":{"start":{"line":16,"column":11},"end":{"line":14,"column":21}},"21":{"start":{"line":8,"column":18},"end":{"line":10,"column":63}},"22":{"start":{"line":8,"column":18},"end":{"line":11,"column":77}}},"fnMap":{"0":{"name":"(anonymous_0)","decl":{"start":{"line":8,"column":6},"end":{"line":8,"column":18}},"loc":{"start":{"line":8,"column":18},"end":{"line":16,"column":null}},"line":8},"1":{"name":"_temp","decl":{"start":{"line":8,"column":18},"end":{"line":8,"column":null}},"loc":{"start":{"line":8,"column":18},"end":{"line":10,"column":80}},"line":8}},"branchMap":{"0":{"loc":{"start":{"line":9,"column":30},"end":{"line":10,"column":83}},"type":"if","locations":[{"start":{"line":9,"column":30},"end":{"line":10,"column":83}},{"start":{"line":10,"column":82},"end":{"line":10,"column":83}}],"line":9},"1":{"loc":{"start":{"line":10,"column":83},"end":{"line":15,"column":null}},"type":"if","locations":[{"start":{"line":10,"column":83},"end":{"line":15,"column":null}},{"start":{"line":15,"column":83},"end":{"line":15,"column":null}}],"line":10},"2":{"loc":{"start":{"line":10,"column":83},"end":{"line":10,"column":null}},"type":"binary-expr","locations":[{"start":{"line":10,"column":83},"end":{"line":10,"column":null}},{"start":{"line":10,"column":83},"end":{"line":10,"column":null}}],"line":10},"3":{"loc":{"start":{"line":15,"column":83},"end":{"line":16,"column":null}},"type":"if","locations":[{"start":{"line":15,"column":83},"end":{"line":16,"column":null}},{"start":{"line":16,"column":11},"end":{"line":16,"column":null}}],"line":15},"4":{"loc":{"start":{"line":15,"column":83},"end":{"line":15,"column":null}},"type":"binary-expr","locations":[{"start":{"line":15,"column":83},"end":{"line":15,"column":null}},{"start":{"line":15,"column":83},"end":{"line":15,"column":null}},{"start":{"line":15,"column":83},"end":{"line":15,"column":null}},{"start":{"line":15,"column":83},"end":{"line":15,"column":null}},{"start":{"line":15,"column":83},"end":{"line":15,"column":null}},{"start":{"line":15,"column":83},"end":{"line":15,"column":null}}],"line":15},"5":{"loc":{"start":{"line":10,"column":59},"end":{"line":10,"column":63}},"type":"binary-expr","locations":[{"start":{"line":10,"column":59},"end":{"line":10,"column":78}},{"start":{"line":10,"column":59},"end":{"line":10,"column":63}}],"line":10},"6":{"loc":{"start":{"line":11,"column":73},"end":{"line":11,"column":77}},"type":"binary-expr","locations":[{"start":{"line":11,"column":73},"end":{"line":11,"column":92}},{"start":{"line":11,"column":73},"end":{"line":11,"column":77}}],"line":11}},"s":{"0":1,"1":1,"2":2,"3":2,"4":2,"5":2,"6":0,"7":2,"8":2,"9":2,"10":2,"11":2,"12":2,"13":2,"14":2,"15":2,"16":0,"17":2,"18":2,"19":0,"20":2,"21":1,"22":1},"f":{"0":2,"1":2},"b":{"0":[2,0],"1":[2,0],"2":[2,0],"3":[2,0],"4":[2,1,1,1,0,0],"5":[1,0],"6":[1,0]},"meta":{"lastBranch":7,"lastFunction":2,"lastStatement":23,"seen":{"s:3:13:6:Infinity":0,"s:8:6:16:Infinity":1,"f:8:6:8:18":0,"s:8:18:8:Infinity":2,"s:9:20:9:28":3,"b:9:30:10:83:10:82:10:83":0,"s:9:30:10:83":4,"s:10:20:10:82":5,"s:10:82:10:83":6,"s:10:20:10:25":7,"b:10:83:15:Infinity:15:83:15:Infinity":1,"s:10:83:15:Infinity":8,"b:10:83:10:Infinity:10:83:10:Infinity":2,"s:11:21:11:Infinity":9,"s:14:21:14:44":10,"s:14:44:14:90":11,"s:14:90:14:Infinity":12,"s:15:27:15:37":13,"s:15:37:15:60":14,"s:15:60:15:83":15,"s:15:83:15:Infinity":16,"b:15:83:16:Infinity:16:11:16:Infinity":3,"s:15:83:16:Infinity":17,"b:15:83:15:Infinity:15:83:15:Infinity:15:83:15:Infinity:15:83:15:Infinity:15:83:15:Infinity:15:83:15:Infinity":4,"s:14:4:16:Infinity":18,"s:16:11:16:Infinity":19,"s:16:11:14:21":20,"f:8:18:8:Infinity":1,"s:8:18:10:63":21,"b:10:59:10:78:10:59:10:63":5,"s:8:18:11:77":22,"b:11:73:11:92:11:73:11:77":6},"fnNames":{}}}
,"/home/kawa/Work/GSE08/18-Testing_in_the_Frontend/04-wbs-integration-testing/src/components/ProductCard.tsx": {"path":"/home/kawa/Work/GSE08/18-Testing_in_the_Frontend/04-wbs-integration-testing/src/components/ProductCard.tsx","statementMap":{"0":{"start":{"line":4,"column":13},"end":{"line":7,"column":null}},"1":{"start":{"line":9,"column":6},"end":{"line":33,"column":null}},"2":{"start":{"line":9,"column":20},"end":{"line":9,"column":21}},"3":{"start":{"line":9,"column":21},"end":{"line":9,"column":null}},"4":{"start":{"line":10,"column":37},"end":{"line":10,"column":null}},"5":{"start":{"line":11,"column":22},"end":{"line":11,"column":30}},"6":{"start":{"line":11,"column":32},"end":{"line":17,"column":null}},"7":{"start":{"line":15,"column":6},"end":{"line":17,"column":null}},"8":{"start":{"line":17,"column":15},"end":{"line":17,"column":null}},"9":{"start":{"line":17,"column":15},"end":{"line":19,"column":null}},"10":{"start":{"line":19,"column":8},"end":{"line":19,"column":null}},"11":{"start":{"line":19,"column":46},"end":{"line":19,"column":null}},"12":{"start":{"line":19,"column":46},"end":{"line":20,"column":69}},"13":{"start":{"line":20,"column":46},"end":{"line":20,"column":64}},"14":{"start":{"line":20,"column":64},"end":{"line":20,"column":69}},"15":{"start":{"line":20,"column":64},"end":{"line":20,"column":null}},"16":{"start":{"line":20,"column":8},"end":{"line":20,"column":null}},"17":{"start":{"line":20,"column":69},"end":{"line":20,"column":null}},"18":{"start":{"line":24,"column":24},"end":{"line":24,"column":37}},"19":{"start":{"line":24,"column":37},"end":{"line":27,"column":null}},"20":{"start":{"line":25,"column":21},"end":{"line":26,"column":null}},"21":{"start":{"line":26,"column":14},"end":{"line":26,"column":49}},"22":{"start":{"line":27,"column":13},"end":{"line":27,"column":null}},"23":{"start":{"line":27,"column":13},"end":{"line":31,"column":null}},"24":{"start":{"line":21,"column":8},"end":{"line":31,"column":null}},"25":{"start":{"line":31,"column":14},"end":{"line":31,"column":null}},"26":{"start":{"line":31,"column":14},"end":{"line":32,"column":null}},"27":{"start":{"line":18,"column":6},"end":{"line":32,"column":null}},"28":{"start":{"line":32,"column":12},"end":{"line":32,"column":null}},"29":{"start":{"line":32,"column":12},"end":{"line":33,"column":null}},"30":{"start":{"line":14,"column":4},"end":{"line":33,"column":null}},"31":{"start":{"line":33,"column":14},"end":{"line":33,"column":null}},"32":{"start":{"line":33,"column":14},"end":{"line":14,"column":23}}},"fnMap":{"0":{"name":"(anonymous_0)","decl":{"start":{"line":9,"column":6},"end":{"line":9,"column":20}},"loc":{"start":{"line":9,"column":20},"end":{"line":33,"column":null}},"line":9},"1":{"name":"(anonymous_1)","decl":{"start":{"line":25,"column":21},"end":{"line":25,"column":null}},"loc":{"start":{"line":25,"column":21},"end":{"line":26,"column":null}},"line":25}},"branchMap":{"0":{"loc":{"start":{"line":11,"column":32},"end":{"line":17,"column":null}},"type":"if","locations":[{"start":{"line":11,"column":32},"end":{"line":17,"column":null}},{"start":{"line":17,"column":15},"end":{"line":17,"column":null}}],"line":11},"1":{"loc":{"start":{"line":11,"column":32},"end":{"line":11,"column":null}},"type":"binary-expr","locations":[{"start":{"line":11,"column":32},"end":{"line":11,"column":null}},{"start":{"line":11,"column":32},"end":{"line":11,"column":null}}],"line":11},"2":{"loc":{"start":{"line":17,"column":15},"end":{"line":19,"column":null}},"type":"if","locations":[{"start":{"line":17,"column":15},"end":{"line":19,"column":null}},{"start":{"line":19,"column":46},"end":{"line":19,"column":null}}],"line":17},"3":{"loc":{"start":{"line":19,"column":46},"end":{"line":20,"column":69}},"type":"if","locations":[{"start":{"line":19,"column":46},"end":{"line":20,"column":69}},{"start":{"line":20,"column":64},"end":{"line":20,"column":69}}],"line":19},"4":{"loc":{"start":{"line":20,"column":64},"end":{"line":20,"column":null}},"type":"if","locations":[{"start":{"line":20,"column":64},"end":{"line":20,"column":null}},{"start":{"line":20,"column":69},"end":{"line":20,"column":null}}],"line":20},"5":{"loc":{"start":{"line":24,"column":37},"end":{"line":27,"column":null}},"type":"if","locations":[{"start":{"line":24,"column":37},"end":{"line":27,"column":null}},{"start":{"line":27,"column":13},"end":{"line":27,"column":null}}],"line":24},"6":{"loc":{"start":{"line":24,"column":37},"end":{"line":24,"column":null}},"type":"binary-expr","locations":[{"start":{"line":24,"column":37},"end":{"line":24,"column":null}},{"start":{"line":24,"column":37},"end":{"line":24,"column":null}},{"start":{"line":24,"column":37},"end":{"line":24,"column":null}},{"start":{"line":24,"column":37},"end":{"line":24,"column":null}},{"start":{"line":24,"column":37},"end":{"line":24,"column":null}}],"line":24},"7":{"loc":{"start":{"line":27,"column":13},"end":{"line":31,"column":null}},"type":"if","locations":[{"start":{"line":27,"column":13},"end":{"line":31,"column":null}},{"start":{"line":31,"column":14},"end":{"line":31,"column":null}}],"line":27},"8":{"loc":{"start":{"line":27,"column":13},"end":{"line":27,"column":null}},"type":"binary-expr","locations":[{"start":{"line":27,"column":13},"end":{"line":27,"column":null}},{"start":{"line":27,"column":13},"end":{"line":27,"column":null}}],"line":27},"9":{"loc":{"start":{"line":31,"column":14},"end":{"line":32,"column":null}},"type":"if","locations":[{"start":{"line":31,"column":14},"end":{"line":32,"column":null}},{"start":{"line":32,"column":12},"end":{"line":32,"column":null}}],"line":31},"10":{"loc":{"start":{"line":31,"column":14},"end":{"line":31,"column":null}},"type":"binary-expr","locations":[{"start":{"line":31,"column":14},"end":{"line":31,"column":null}},{"start":{"line":31,"column":14},"end":{"line":31,"column":null}},{"start":{"line":31,"column":14},"end":{"line":31,"column":null}}],"line":31},"11":{"loc":{"start":{"line":32,"column":12},"end":{"line":33,"column":null}},"type":"if","locations":[{"start":{"line":32,"column":12},"end":{"line":33,"column":null}},{"start":{"line":33,"column":14},"end":{"line":33,"column":null}}],"line":32},"12":{"loc":{"start":{"line":32,"column":12},"end":{"line":32,"column":null}},"type":"binary-expr","locations":[{"start":{"line":32,"column":12},"end":{"line":32,"column":null}},{"start":{"line":32,"column":12},"end":{"line":32,"column":null}}],"line":32}},"s":{"0":1,"1":1,"2":2,"3":2,"4":2,"5":2,"6":2,"7":1,"8":1,"9":2,"10":1,"11":1,"12":2,"13":1,"14":1,"15":2,"16":1,"17":1,"18":2,"19":2,"20":2,"21":1,"22":0,"23":2,"24":2,"25":0,"26":2,"27":2,"28":0,"29":2,"30":2,"31":0,"32":2},"f":{"0":2,"1":1},"b":{"0":[1,1],"1":[2,1],"2":[1,1],"3":[1,1],"4":[1,1],"5":[2,0],"6":[2,0,0,0,0],"7":[2,0],"8":[2,1],"9":[2,0],"10":[2,1,1],"11":[2,0],"12":[2,1]},"meta":{"lastBranch":13,"lastFunction":2,"lastStatement":33,"seen":{"s:4:13:7:Infinity":0,"s:9:6:33:Infinity":1,"f:9:6:9:20":0,"s:9:20:9:21":2,"s:9:21:9:Infinity":3,"s:10:37:10:Infinity":4,"s:11:22:11:30":5,"b:11:32:17:Infinity:17:15:17:Infinity":0,"s:11:32:17:Infinity":6,"b:11:32:11:Infinity:11:32:11:Infinity":1,"s:15:6:17:Infinity":7,"s:17:15:17:Infinity":8,"b:17:15:19:Infinity:19:46:19:Infinity":2,"s:17:15:19:Infinity":9,"s:19:8:19:Infinity":10,"s:19:46:19:Infinity":11,"b:19:46:20:69:20:64:20:69":3,"s:19:46:20:69":12,"s:20:46:20:64":13,"s:20:64:20:69":14,"b:20:64:20:Infinity:20:69:20:Infinity":4,"s:20:64:20:Infinity":15,"s:20:8:20:Infinity":16,"s:20:69:20:Infinity":17,"s:24:24:24:37":18,"b:24:37:27:Infinity:27:13:27:Infinity":5,"s:24:37:27:Infinity":19,"b:24:37:24:Infinity:24:37:24:Infinity:24:37:24:Infinity:24:37:24:Infinity:24:37:24:Infinity":6,"s:25:21:26:Infinity":20,"f:25:21:25:Infinity":1,"s:26:14:26:49":21,"s:27:13:27:Infinity":22,"b:27:13:31:Infinity:31:14:31:Infinity":7,"s:27:13:31:Infinity":23,"b:27:13:27:Infinity:27:13:27:Infinity":8,"s:21:8:31:Infinity":24,"s:31:14:31:Infinity":25,"b:31:14:32:Infinity:32:12:32:Infinity":9,"s:31:14:32:Infinity":26,"b:31:14:31:Infinity:31:14:31:Infinity:31:14:31:Infinity":10,"s:18:6:32:Infinity":27,"s:32:12:32:Infinity":28,"b:32:12:33:Infinity:33:14:33:Infinity":11,"s:32:12:33:Infinity":29,"b:32:12:32:Infinity:32:12:32:Infinity":12,"s:14:4:33:Infinity":30,"s:33:14:33:Infinity":31,"s:33:14:14:23":32},"fnNames":{}}}
,"/home/kawa/Work/GSE08/18-Testing_in_the_Frontend/04-wbs-integration-testing/src/components/index.ts": {"path":"/home/kawa/Work/GSE08/18-Testing_in_the_Frontend/04-wbs-integration-testing/src/components/index.ts","statementMap":{},"fnMap":{},"branchMap":{},"s":{},"f":{},"b":{},"meta":{"lastBranch":0,"lastFunction":0,"lastStatement":0,"seen":{},"fnNames":{}}}
,"/home/kawa/Work/GSE08/18-Testing_in_the_Frontend/04-wbs-integration-testing/src/context/CartProvider.tsx": {"path":"/home/kawa/Work/GSE08/18-Testing_in_the_Frontend/04-wbs-integration-testing/src/context/CartProvider.tsx","statementMap":{"0":{"start":{"line":8,"column":6},"end":{"line":27,"column":null}},"1":{"start":{"line":8,"column":21},"end":{"line":8,"column":22}},"2":{"start":{"line":8,"column":22},"end":{"line":8,"column":59}},"3":{"start":{"line":8,"column":59},"end":{"line":9,"column":53}},"4":{"start":{"line":9,"column":49},"end":{"line":9,"column":51}},"5":{"start":{"line":9,"column":51},"end":{"line":9,"column":53}},"6":{"start":{"line":9,"column":28},"end":{"line":9,"column":53}},"7":{"start":{"line":9,"column":53},"end":{"line":25,"column":4}},"8":{"start":{"line":11,"column":18},"end":{"line":24,"column":null}},"9":{"start":{"line":12,"column":25},"end":{"line":12,"column":null}},"10":{"start":{"line":12,"column":50},"end":{"line":12,"column":73}},"11":{"start":{"line":14,"column":4},"end":{"line":23,"column":null}},"12":{"start":{"line":15,"column":6},"end":{"line":21,"column":7}},"13":{"start":{"line":17,"column":10},"end":{"line":17,"column":18}},"14":{"start":{"line":23,"column":6},"end":{"line":23,"column":52}},"15":{"start":{"line":25,"column":3},"end":{"line":25,"column":4}},"16":{"start":{"line":11,"column":18},"end":{"line":11,"column":null}},"17":{"start":{"line":25,"column":4},"end":{"line":27,"column":50}},"18":{"start":{"line":27,"column":29},"end":{"line":27,"column":47}},"19":{"start":{"line":27,"column":47},"end":{"line":27,"column":50}},"20":{"start":{"line":27,"column":47},"end":{"line":27,"column":null}},"21":{"start":{"line":27,"column":9},"end":{"line":27,"column":29}},"22":{"start":{"line":27,"column":73},"end":{"line":27,"column":null}},"23":{"start":{"line":27,"column":73},"end":{"line":27,"column":10}}},"fnMap":{"0":{"name":"(anonymous_0)","decl":{"start":{"line":8,"column":6},"end":{"line":8,"column":21}},"loc":{"start":{"line":8,"column":21},"end":{"line":27,"column":null}},"line":8},"1":{"name":"(anonymous_1)","decl":{"start":{"line":11,"column":18},"end":{"line":11,"column":null}},"loc":{"start":{"line":11,"column":18},"end":{"line":24,"column":null}},"line":11},"2":{"name":"(anonymous_2)","decl":{"start":{"line":12,"column":30},"end":{"line":12,"column":36}},"loc":{"start":{"line":12,"column":50},"end":{"line":12,"column":73}},"line":12},"3":{"name":"(anonymous_3)","decl":{"start":{"line":16,"column":13},"end":{"line":16,"column":18}},"loc":{"start":{"line":17,"column":10},"end":{"line":17,"column":18}},"line":17}},"branchMap":{"0":{"loc":{"start":{"line":8,"column":59},"end":{"line":9,"column":53}},"type":"if","locations":[{"start":{"line":8,"column":59},"end":{"line":9,"column":53}},{"start":{"line":9,"column":51},"end":{"line":9,"column":53}}],"line":8},"1":{"loc":{"start":{"line":9,"column":53},"end":{"line":25,"column":4}},"type":"if","locations":[{"start":{"line":9,"column":53},"end":{"line":25,"column":4}},{"start":{"line":25,"column":3},"end":{"line":25,"column":4}}],"line":9},"2":{"loc":{"start":{"line":14,"column":4},"end":{"line":23,"column":null}},"type":"if","locations":[{"start":{"line":14,"column":4},"end":{"line":23,"column":null}},{"start":{"line":21,"column":7},"end":{"line":23,"column":null}}],"line":14},"3":{"loc":{"start":{"line":17,"column":10},"end":{"line":17,"column":18}},"type":"cond-expr","locations":[{"start":{"line":17,"column":10},"end":{"line":19,"column":null}},{"start":{"line":17,"column":10},"end":{"line":17,"column":18}}],"line":17},"4":{"loc":{"start":{"line":18,"column":40},"end":{"line":18,"column":48}},"type":"binary-expr","locations":[{"start":{"line":18,"column":40},"end":{"line":18,"column":66}},{"start":{"line":18,"column":40},"end":{"line":18,"column":48}}],"line":18},"5":{"loc":{"start":{"line":25,"column":4},"end":{"line":27,"column":50}},"type":"if","locations":[{"start":{"line":25,"column":4},"end":{"line":27,"column":50}},{"start":{"line":27,"column":47},"end":{"line":27,"column":50}}],"line":25},"6":{"loc":{"start":{"line":25,"column":4},"end":{"line":25,"column":null}},"type":"binary-expr","locations":[{"start":{"line":25,"column":4},"end":{"line":25,"column":null}},{"start":{"line":25,"column":4},"end":{"line":25,"column":null}}],"line":25},"7":{"loc":{"start":{"line":27,"column":47},"end":{"line":27,"column":null}},"type":"if","locations":[{"start":{"line":27,"column":47},"end":{"line":27,"column":null}},{"start":{"line":27,"column":73},"end":{"line":27,"column":null}}],"line":27},"8":{"loc":{"start":{"line":27,"column":47},"end":{"line":27,"column":50}},"type":"binary-expr","locations":[{"start":{"line":27,"column":47},"end":{"line":27,"column":50}},{"start":{"line":27,"column":47},"end":{"line":27,"column":50}}],"line":27}},"s":{"0":1,"1":2,"2":2,"3":2,"4":1,"5":1,"6":2,"7":2,"8":2,"9":1,"10":0,"11":1,"12":0,"13":0,"14":1,"15":0,"16":2,"17":2,"18":2,"19":0,"20":2,"21":2,"22":0,"23":2},"f":{"0":2,"1":1,"2":0,"3":0},"b":{"0":[1,1],"1":[2,0],"2":[0,1],"3":[0,0],"4":[0,0],"5":[2,0],"6":[2,0],"7":[2,0],"8":[2,1]},"meta":{"lastBranch":9,"lastFunction":4,"lastStatement":24,"seen":{"s:8:6:27:Infinity":0,"f:8:6:8:21":0,"s:8:21:8:22":1,"s:8:22:8:59":2,"b:8:59:9:53:9:51:9:53":0,"s:8:59:9:53":3,"s:9:49:9:51":4,"s:9:51:9:53":5,"s:9:28:9:53":6,"b:9:53:25:4:25:3:25:4":1,"s:9:53:25:4":7,"s:11:18:24:Infinity":8,"f:11:18:11:Infinity":1,"s:12:25:12:Infinity":9,"f:12:30:12:36":2,"s:12:50:12:73":10,"b:14:4:23:Infinity:21:7:23:Infinity":2,"s:14:4:23:Infinity":11,"s:15:6:21:7":12,"f:16:13:16:18":3,"s:17:10:17:18":13,"b:17:10:19:Infinity:17:10:17:18":3,"b:18:40:18:66:18:40:18:48":4,"s:23:6:23:52":14,"s:25:3:25:4":15,"s:11:18:11:Infinity":16,"b:25:4:27:50:27:47:27:50":5,"s:25:4:27:50":17,"b:25:4:25:Infinity:25:4:25:Infinity":6,"s:27:29:27:47":18,"s:27:47:27:50":19,"b:27:47:27:Infinity:27:73:27:Infinity":7,"s:27:47:27:Infinity":20,"b:27:47:27:50:27:47:27:50":8,"s:27:9:27:29":21,"s:27:73:27:Infinity":22,"s:27:73:27:10":23},"fnNames":{}}}
,"/home/kawa/Work/GSE08/18-Testing_in_the_Frontend/04-wbs-integration-testing/src/context/index.ts": {"path":"/home/kawa/Work/GSE08/18-Testing_in_the_Frontend/04-wbs-integration-testing/src/context/index.ts","statementMap":{"0":{"start":{"line":5,"column":27},"end":{"line":5,"column":null}},"1":{"start":{"line":7,"column":13},"end":{"line":15,"column":null}},"2":{"start":{"line":8,"column":14},"end":{"line":8,"column":null}},"3":{"start":{"line":10,"column":2},"end":{"line":12,"column":null}},"4":{"start":{"line":11,"column":4},"end":{"line":11,"column":null}},"5":{"start":{"line":14,"column":2},"end":{"line":14,"column":null}}},"fnMap":{"0":{"name":"(anonymous_0)","decl":{"start":{"line":7,"column":13},"end":{"line":7,"column":29}},"loc":{"start":{"line":7,"column":29},"end":{"line":15,"column":null}},"line":7}},"branchMap":{"0":{"loc":{"start":{"line":10,"column":2},"end":{"line":12,"column":null}},"type":"if","locations":[{"start":{"line":10,"column":2},"end":{"line":12,"column":null}},{"start":{},"end":{}}],"line":10}},"s":{"0":1,"1":1,"2":4,"3":4,"4":0,"5":4},"f":{"0":4},"b":{"0":[0,4]},"meta":{"lastBranch":1,"lastFunction":1,"lastStatement":6,"seen":{"s:5:27:5:Infinity":0,"s:7:13:15:Infinity":1,"f:7:13:7:29":0,"s:8:14:8:Infinity":2,"b:10:2:12:Infinity:undefined:undefined:undefined:undefined":0,"s:10:2:12:Infinity":3,"s:11:4:11:Infinity":4,"s:14:2:14:Infinity":5},"fnNames":{}}}
}
